<?xml version="1.0" encoding="UTF-8"?>
<testng-results ignored="0" total="6" passed="6" failed="0" skipped="0">
  <reporter-output>
  </reporter-output>
  <suite started-at="2020-01-14T17:03:05Z" name="Command line suite" finished-at="2020-01-14T17:03:05Z" duration-ms="40">
    <groups>
    </groups>
    <test started-at="2020-01-14T17:03:05Z" name="Command line test" finished-at="2020-01-14T17:03:05Z" duration-ms="40">
      <class name="qaclickacademy.AppiumTest">
        <test-method signature="IOSApps()[pri:0, instance:qaclickacademy.AppiumTest@58c1670b]" started-at="2020-01-14T12:03:05Z" name="IOSApps" finished-at="2020-01-14T12:03:05Z" duration-ms="8" status="PASS">
          <reporter-output>
          </reporter-output>
        </test-method> <!-- IOSApps -->
        <test-method signature="NativeAPpAndroid()[pri:0, instance:qaclickacademy.AppiumTest@58c1670b]" started-at="2020-01-14T12:03:05Z" name="NativeAPpAndroid" finished-at="2020-01-14T12:03:05Z" duration-ms="0" status="PASS">
          <reporter-output>
          </reporter-output>
        </test-method> <!-- NativeAPpAndroid -->
      </class> <!-- qaclickacademy.AppiumTest -->
      <class name="qaclickacademy.RESTAPITest">
        <test-method signature="deleteTwitter()[pri:0, instance:qaclickacademy.RESTAPITest@38bc8ab5]" started-at="2020-01-14T12:03:05Z" name="deleteTwitter" finished-at="2020-01-14T12:03:05Z" duration-ms="1" status="PASS">
          <reporter-output>
          </reporter-output>
        </test-method> <!-- deleteTwitter -->
        <test-method signature="postJira()[pri:0, instance:qaclickacademy.RESTAPITest@38bc8ab5]" started-at="2020-01-14T12:03:05Z" name="postJira" finished-at="2020-01-14T12:03:05Z" duration-ms="1" status="PASS">
          <reporter-output>
          </reporter-output>
        </test-method> <!-- postJira -->
      </class> <!-- qaclickacademy.RESTAPITest -->
      <class name="qaclickacademy.SeleniumTest">
        <test-method signature="BrowserAUtomation()[pri:0, instance:qaclickacademy.SeleniumTest@687080dc]" started-at="2020-01-14T12:03:05Z" name="BrowserAUtomation" finished-at="2020-01-14T12:03:05Z" duration-ms="1" status="PASS">
          <reporter-output>
          </reporter-output>
        </test-method> <!-- BrowserAUtomation -->
        <test-method signature="elementsUi()[pri:0, instance:qaclickacademy.SeleniumTest@687080dc]" started-at="2020-01-14T12:03:05Z" name="elementsUi" finished-at="2020-01-14T12:03:05Z" duration-ms="1" status="PASS">
          <reporter-output>
          </reporter-output>
        </test-method> <!-- elementsUi -->
      </class> <!-- qaclickacademy.SeleniumTest -->
    </test> <!-- Command line test -->
  </suite> <!-- Command line suite -->
</testng-results>
