<?xml version="1.0" encoding="UTF-8" ?>
<testsuite tests="6" failures="0" name="TestSuite" time="0.039" errors="0" skipped="0">
  <properties>
[...]
</properties>
  <testcase classname="qaclickacademy.AppiumTest" name="IOSApps" time="0.01"/>
  <testcase classname="qaclickacademy.AppiumTest" name="NativeAPpAndroid" time="0.001"/>
  <testcase classname="qaclickacademy.RESTAPITest" name="deleteTwitter" time="0.009"/>
  <testcase classname="qaclickacademy.RESTAPITest" name="postJira" time="0.004"/>
  <testcase classname="qaclickacademy.SeleniumTest" name="BrowserAUtomation" time="0.011"/>
  <testcase classname="qaclickacademy.SeleniumTest" name="elementsUi" time="0.004"/>
</testsuite>